<?xml version="1.0" encoding="UTF-8" ?>
<testsuite errors="0" failures="0" hostname="INA406SH8B" name="com.aasc.erp.tests.TestCase" skipped="0" tests="3" time="0.07" timestamp="2016-11-29T07:08:13">
  <properties>
[...]
</properties>
  <testcase classname="com.aasc.erp.tests.TestCase" name="testFindMax" time="0.001" />
  <testcase classname="com.aasc.erp.tests.TestCase" name="testCube" time="0.0" />
  <testcase classname="com.aasc.erp.tests.TestCase" name="testReverseWord" time="0.001" />
  <system-out><![CDATA[before class
before
test case find max
after
before
test case cube
after
before
test case reverse word
after
after class
]]></system-out>
  <system-err><![CDATA[]]></system-err>
</testsuite>
